  imgui.cpp
  imgui_demo.cpp
  imgui_draw.cpp
  imgui_tables.cpp
  imgui_widgets.cpp
  imgui_impl_dx11.cpp
  imgui_impl_win32.cpp
  main.cpp
C:\Users\Robles\Desktop\Projects\Visualizer\Project\Project\main.cpp(33,9): warning C4100: 'nShowCmd': unreferenced formal parameter
C:\Users\Robles\Desktop\Projects\Visualizer\Project\Project\main.cpp(32,11): warning C4100: 'lpCmdLine': unreferenced formal parameter
C:\Users\Robles\Desktop\Projects\Visualizer\Project\Project\main.cpp(31,15): warning C4100: 'hPrevInstance': unreferenced formal parameter
C:\Users\Robles\Desktop\Projects\Visualizer\Project\Project\main.cpp(30,15): warning C4100: 'hInstance': unreferenced formal parameter
C:\Users\Robles\Desktop\Projects\Visualizer\Project\Project\main.cpp(101,10): warning C4189: 'show_demo_window': local variable is initialized but not referenced
C:\Users\Robles\Desktop\Projects\Visualizer\Project\Project\main.cpp(102,10): warning C4189: 'show_another_window': local variable is initialized but not referenced
  MyApp.cpp
C:\Users\Robles\Desktop\Projects\Visualizer\Project\Project\MyApp.cpp(191,62): warning C4267: '=': conversion from 'size_t' to 'int', possible loss of data
C:\Users\Robles\Desktop\Projects\Visualizer\Project\Project\MyApp.cpp(235,62): warning C4267: '=': conversion from 'size_t' to 'int', possible loss of data
C:\Users\Robles\Desktop\Projects\Visualizer\Project\Project\MyApp.cpp(290,54): warning C4267: '=': conversion from 'size_t' to 'int', possible loss of data
C:\Users\Robles\Desktop\Projects\Visualizer\Project\Project\MyApp.cpp(321,63): warning C4267: 'initializing': conversion from 'size_t' to 'int', possible loss of data
C:\Users\Robles\Desktop\Projects\Visualizer\Project\Project\MyApp.cpp(396,59): warning C4267: 'initializing': conversion from 'size_t' to 'int', possible loss of data
C:\Users\Robles\Desktop\Projects\Visualizer\Project\Project\MyApp.cpp(415,66): warning C4267: '=': conversion from 'size_t' to 'int', possible loss of data
C:\Users\Robles\Desktop\Projects\Visualizer\Project\Project\MyApp.cpp(483,58): warning C4267: '=': conversion from 'size_t' to 'int', possible loss of data
C:\Users\Robles\Desktop\Projects\Visualizer\Project\Project\MyApp.cpp(494,63): warning C4267: 'initializing': conversion from 'size_t' to 'int', possible loss of data
C:\Users\Robles\Desktop\Projects\Visualizer\Project\Project\MyApp.cpp(518,55): warning C4244: '=': conversion from 'int' to 'float', possible loss of data
C:\Users\Robles\Desktop\Projects\Visualizer\Project\Project\MyApp.cpp(519,55): warning C4244: '=': conversion from 'int' to 'float', possible loss of data
C:\Users\Robles\Desktop\Projects\Visualizer\Project\Project\MyApp.cpp(625,87): warning C4244: 'argument': conversion from 'int' to 'float', possible loss of data
C:\Users\Robles\Desktop\Projects\Visualizer\Project\Project\MyApp.cpp(626,111): warning C4244: 'argument': conversion from 'int' to 'float', possible loss of data
C:\Users\Robles\Desktop\Projects\Visualizer\Project\Project\MyApp.cpp(644,39): warning C4267: '=': conversion from 'size_t' to 'int', possible loss of data
C:\Users\Robles\Desktop\Projects\Visualizer\Project\Project\MyApp.cpp(839,75): warning C4244: 'argument': conversion from 'double' to 'float', possible loss of data
C:\Users\Robles\Desktop\Projects\Visualizer\Project\Project\MyApp.cpp(839,61): warning C4244: 'argument': conversion from 'double' to 'float', possible loss of data
C:\Users\Robles\Desktop\Projects\Visualizer\Project\Project\MyApp.cpp(839,91): warning C4244: 'argument': conversion from 'double' to 'float', possible loss of data
C:\Users\Robles\Desktop\Projects\Visualizer\Project\Project\MyApp.cpp(840,75): warning C4244: 'argument': conversion from 'double' to 'float', possible loss of data
C:\Users\Robles\Desktop\Projects\Visualizer\Project\Project\MyApp.cpp(840,61): warning C4244: 'argument': conversion from 'double' to 'float', possible loss of data
C:\Users\Robles\Desktop\Projects\Visualizer\Project\Project\MyApp.cpp(840,91): warning C4244: 'argument': conversion from 'double' to 'float', possible loss of data
C:\Users\Robles\Desktop\Projects\Visualizer\Project\Project\MyApp.cpp(841,75): warning C4244: 'argument': conversion from 'double' to 'float', possible loss of data
C:\Users\Robles\Desktop\Projects\Visualizer\Project\Project\MyApp.cpp(841,61): warning C4244: 'argument': conversion from 'double' to 'float', possible loss of data
C:\Users\Robles\Desktop\Projects\Visualizer\Project\Project\MyApp.cpp(841,91): warning C4244: 'argument': conversion from 'double' to 'float', possible loss of data
C:\Users\Robles\Desktop\Projects\Visualizer\Project\Project\MyApp.cpp(842,75): warning C4244: 'argument': conversion from 'double' to 'float', possible loss of data
C:\Users\Robles\Desktop\Projects\Visualizer\Project\Project\MyApp.cpp(842,61): warning C4244: 'argument': conversion from 'double' to 'float', possible loss of data
C:\Users\Robles\Desktop\Projects\Visualizer\Project\Project\MyApp.cpp(842,91): warning C4244: 'argument': conversion from 'double' to 'float', possible loss of data
C:\Users\Robles\Desktop\Projects\Visualizer\Project\Project\MyApp.cpp(843,69): warning C4244: 'argument': conversion from 'double' to 'float', possible loss of data
C:\Users\Robles\Desktop\Projects\Visualizer\Project\Project\MyApp.cpp(843,55): warning C4244: 'argument': conversion from 'double' to 'float', possible loss of data
C:\Users\Robles\Desktop\Projects\Visualizer\Project\Project\MyApp.cpp(843,85): warning C4244: 'argument': conversion from 'double' to 'float', possible loss of data
C:\Users\Robles\Desktop\Projects\Visualizer\Project\Project\MyApp.cpp(844,69): warning C4244: 'argument': conversion from 'double' to 'float', possible loss of data
C:\Users\Robles\Desktop\Projects\Visualizer\Project\Project\MyApp.cpp(844,55): warning C4244: 'argument': conversion from 'double' to 'float', possible loss of data
C:\Users\Robles\Desktop\Projects\Visualizer\Project\Project\MyApp.cpp(844,85): warning C4244: 'argument': conversion from 'double' to 'float', possible loss of data
C:\Users\Robles\Desktop\Projects\Visualizer\Project\Project\MyApp.cpp(845,69): warning C4244: 'argument': conversion from 'double' to 'float', possible loss of data
C:\Users\Robles\Desktop\Projects\Visualizer\Project\Project\MyApp.cpp(845,55): warning C4244: 'argument': conversion from 'double' to 'float', possible loss of data
C:\Users\Robles\Desktop\Projects\Visualizer\Project\Project\MyApp.cpp(845,85): warning C4244: 'argument': conversion from 'double' to 'float', possible loss of data
C:\Users\Robles\Desktop\Projects\Visualizer\Project\Project\MyApp.cpp(846,69): warning C4244: 'argument': conversion from 'double' to 'float', possible loss of data
C:\Users\Robles\Desktop\Projects\Visualizer\Project\Project\MyApp.cpp(846,55): warning C4244: 'argument': conversion from 'double' to 'float', possible loss of data
C:\Users\Robles\Desktop\Projects\Visualizer\Project\Project\MyApp.cpp(846,85): warning C4244: 'argument': conversion from 'double' to 'float', possible loss of data
C:\Users\Robles\Desktop\Projects\Visualizer\Project\Project\MyApp.cpp(849,67): warning C4244: 'argument': conversion from 'double' to 'float', possible loss of data
C:\Users\Robles\Desktop\Projects\Visualizer\Project\Project\MyApp.cpp(849,53): warning C4244: 'argument': conversion from 'double' to 'float', possible loss of data
C:\Users\Robles\Desktop\Projects\Visualizer\Project\Project\MyApp.cpp(849,105): warning C4244: 'argument': conversion from 'double' to 'float', possible loss of data
C:\Users\Robles\Desktop\Projects\Visualizer\Project\Project\MyApp.cpp(849,89): warning C4244: 'argument': conversion from 'double' to 'float', possible loss of data
C:\Users\Robles\Desktop\Projects\Visualizer\Project\Project\MyApp.cpp(849,127): warning C4244: 'argument': conversion from 'int' to 'float', possible loss of data
C:\Users\Robles\Desktop\Projects\Visualizer\Project\Project\MyApp.cpp(850,67): warning C4244: 'argument': conversion from 'double' to 'float', possible loss of data
C:\Users\Robles\Desktop\Projects\Visualizer\Project\Project\MyApp.cpp(850,53): warning C4244: 'argument': conversion from 'double' to 'float', possible loss of data
C:\Users\Robles\Desktop\Projects\Visualizer\Project\Project\MyApp.cpp(850,103): warning C4244: 'argument': conversion from 'double' to 'float', possible loss of data
C:\Users\Robles\Desktop\Projects\Visualizer\Project\Project\MyApp.cpp(850,89): warning C4244: 'argument': conversion from 'double' to 'float', possible loss of data
C:\Users\Robles\Desktop\Projects\Visualizer\Project\Project\MyApp.cpp(850,125): warning C4244: 'argument': conversion from 'int' to 'float', possible loss of data
C:\Users\Robles\Desktop\Projects\Visualizer\Project\Project\MyApp.cpp(851,67): warning C4244: 'argument': conversion from 'double' to 'float', possible loss of data
C:\Users\Robles\Desktop\Projects\Visualizer\Project\Project\MyApp.cpp(851,53): warning C4244: 'argument': conversion from 'double' to 'float', possible loss of data
C:\Users\Robles\Desktop\Projects\Visualizer\Project\Project\MyApp.cpp(851,105): warning C4244: 'argument': conversion from 'double' to 'float', possible loss of data
C:\Users\Robles\Desktop\Projects\Visualizer\Project\Project\MyApp.cpp(851,89): warning C4244: 'argument': conversion from 'double' to 'float', possible loss of data
C:\Users\Robles\Desktop\Projects\Visualizer\Project\Project\MyApp.cpp(851,127): warning C4244: 'argument': conversion from 'int' to 'float', possible loss of data
C:\Users\Robles\Desktop\Projects\Visualizer\Project\Project\MyApp.cpp(852,67): warning C4244: 'argument': conversion from 'double' to 'float', possible loss of data
C:\Users\Robles\Desktop\Projects\Visualizer\Project\Project\MyApp.cpp(852,53): warning C4244: 'argument': conversion from 'double' to 'float', possible loss of data
C:\Users\Robles\Desktop\Projects\Visualizer\Project\Project\MyApp.cpp(852,103): warning C4244: 'argument': conversion from 'double' to 'float', possible loss of data
C:\Users\Robles\Desktop\Projects\Visualizer\Project\Project\MyApp.cpp(852,89): warning C4244: 'argument': conversion from 'double' to 'float', possible loss of data
C:\Users\Robles\Desktop\Projects\Visualizer\Project\Project\MyApp.cpp(852,125): warning C4244: 'argument': conversion from 'int' to 'float', possible loss of data
C:\Users\Robles\Desktop\Projects\Visualizer\Project\Project\MyApp.cpp(853,67): warning C4244: 'argument': conversion from 'double' to 'float', possible loss of data
C:\Users\Robles\Desktop\Projects\Visualizer\Project\Project\MyApp.cpp(853,53): warning C4244: 'argument': conversion from 'double' to 'float', possible loss of data
C:\Users\Robles\Desktop\Projects\Visualizer\Project\Project\MyApp.cpp(853,103): warning C4244: 'argument': conversion from 'double' to 'float', possible loss of data
C:\Users\Robles\Desktop\Projects\Visualizer\Project\Project\MyApp.cpp(853,89): warning C4244: 'argument': conversion from 'double' to 'float', possible loss of data
C:\Users\Robles\Desktop\Projects\Visualizer\Project\Project\MyApp.cpp(853,125): warning C4244: 'argument': conversion from 'int' to 'float', possible loss of data
C:\Users\Robles\Desktop\Projects\Visualizer\Project\Project\MyApp.cpp(854,67): warning C4244: 'argument': conversion from 'double' to 'float', possible loss of data
C:\Users\Robles\Desktop\Projects\Visualizer\Project\Project\MyApp.cpp(854,53): warning C4244: 'argument': conversion from 'double' to 'float', possible loss of data
C:\Users\Robles\Desktop\Projects\Visualizer\Project\Project\MyApp.cpp(854,105): warning C4244: 'argument': conversion from 'double' to 'float', possible loss of data
C:\Users\Robles\Desktop\Projects\Visualizer\Project\Project\MyApp.cpp(854,89): warning C4244: 'argument': conversion from 'double' to 'float', possible loss of data
C:\Users\Robles\Desktop\Projects\Visualizer\Project\Project\MyApp.cpp(854,127): warning C4244: 'argument': conversion from 'int' to 'float', possible loss of data
C:\Users\Robles\Desktop\Projects\Visualizer\Project\Project\MyApp.cpp(855,67): warning C4244: 'argument': conversion from 'double' to 'float', possible loss of data
C:\Users\Robles\Desktop\Projects\Visualizer\Project\Project\MyApp.cpp(855,53): warning C4244: 'argument': conversion from 'double' to 'float', possible loss of data
C:\Users\Robles\Desktop\Projects\Visualizer\Project\Project\MyApp.cpp(855,103): warning C4244: 'argument': conversion from 'double' to 'float', possible loss of data
C:\Users\Robles\Desktop\Projects\Visualizer\Project\Project\MyApp.cpp(855,89): warning C4244: 'argument': conversion from 'double' to 'float', possible loss of data
C:\Users\Robles\Desktop\Projects\Visualizer\Project\Project\MyApp.cpp(855,125): warning C4244: 'argument': conversion from 'int' to 'float', possible loss of data
C:\Users\Robles\Desktop\Projects\Visualizer\Project\Project\MyApp.cpp(856,67): warning C4244: 'argument': conversion from 'double' to 'float', possible loss of data
C:\Users\Robles\Desktop\Projects\Visualizer\Project\Project\MyApp.cpp(856,53): warning C4244: 'argument': conversion from 'double' to 'float', possible loss of data
C:\Users\Robles\Desktop\Projects\Visualizer\Project\Project\MyApp.cpp(856,103): warning C4244: 'argument': conversion from 'double' to 'float', possible loss of data
C:\Users\Robles\Desktop\Projects\Visualizer\Project\Project\MyApp.cpp(856,89): warning C4244: 'argument': conversion from 'double' to 'float', possible loss of data
C:\Users\Robles\Desktop\Projects\Visualizer\Project\Project\MyApp.cpp(856,125): warning C4244: 'argument': conversion from 'int' to 'float', possible loss of data
C:\Users\Robles\Desktop\Projects\Visualizer\Project\Project\MyApp.cpp(857,67): warning C4244: 'argument': conversion from 'double' to 'float', possible loss of data
C:\Users\Robles\Desktop\Projects\Visualizer\Project\Project\MyApp.cpp(857,53): warning C4244: 'argument': conversion from 'double' to 'float', possible loss of data
C:\Users\Robles\Desktop\Projects\Visualizer\Project\Project\MyApp.cpp(857,103): warning C4244: 'argument': conversion from 'double' to 'float', possible loss of data
C:\Users\Robles\Desktop\Projects\Visualizer\Project\Project\MyApp.cpp(857,89): warning C4244: 'argument': conversion from 'double' to 'float', possible loss of data
C:\Users\Robles\Desktop\Projects\Visualizer\Project\Project\MyApp.cpp(857,125): warning C4244: 'argument': conversion from 'int' to 'float', possible loss of data
C:\Users\Robles\Desktop\Projects\Visualizer\Project\Project\MyApp.cpp(858,67): warning C4244: 'argument': conversion from 'double' to 'float', possible loss of data
C:\Users\Robles\Desktop\Projects\Visualizer\Project\Project\MyApp.cpp(858,53): warning C4244: 'argument': conversion from 'double' to 'float', possible loss of data
C:\Users\Robles\Desktop\Projects\Visualizer\Project\Project\MyApp.cpp(858,103): warning C4244: 'argument': conversion from 'double' to 'float', possible loss of data
C:\Users\Robles\Desktop\Projects\Visualizer\Project\Project\MyApp.cpp(858,89): warning C4244: 'argument': conversion from 'double' to 'float', possible loss of data
C:\Users\Robles\Desktop\Projects\Visualizer\Project\Project\MyApp.cpp(858,125): warning C4244: 'argument': conversion from 'int' to 'float', possible loss of data
C:\Users\Robles\Desktop\Projects\Visualizer\Project\Project\MyApp.cpp(859,73): warning C4244: 'argument': conversion from 'double' to 'float', possible loss of data
C:\Users\Robles\Desktop\Projects\Visualizer\Project\Project\MyApp.cpp(859,59): warning C4244: 'argument': conversion from 'double' to 'float', possible loss of data
C:\Users\Robles\Desktop\Projects\Visualizer\Project\Project\MyApp.cpp(859,109): warning C4244: 'argument': conversion from 'double' to 'float', possible loss of data
C:\Users\Robles\Desktop\Projects\Visualizer\Project\Project\MyApp.cpp(859,95): warning C4244: 'argument': conversion from 'double' to 'float', possible loss of data
C:\Users\Robles\Desktop\Projects\Visualizer\Project\Project\MyApp.cpp(860,73): warning C4244: 'argument': conversion from 'double' to 'float', possible loss of data
C:\Users\Robles\Desktop\Projects\Visualizer\Project\Project\MyApp.cpp(860,59): warning C4244: 'argument': conversion from 'double' to 'float', possible loss of data
C:\Users\Robles\Desktop\Projects\Visualizer\Project\Project\MyApp.cpp(860,109): warning C4244: 'argument': conversion from 'double' to 'float', possible loss of data
C:\Users\Robles\Desktop\Projects\Visualizer\Project\Project\MyApp.cpp(860,95): warning C4244: 'argument': conversion from 'double' to 'float', possible loss of data
C:\Users\Robles\Desktop\Projects\Visualizer\Project\Project\MyApp.cpp(861,73): warning C4244: 'argument': conversion from 'double' to 'float', possible loss of data
C:\Users\Robles\Desktop\Projects\Visualizer\Project\Project\MyApp.cpp(861,59): warning C4244: 'argument': conversion from 'double' to 'float', possible loss of data
C:\Users\Robles\Desktop\Projects\Visualizer\Project\Project\MyApp.cpp(861,109): warning C4244: 'argument': conversion from 'double' to 'float', possible loss of data
C:\Users\Robles\Desktop\Projects\Visualizer\Project\Project\MyApp.cpp(861,95): warning C4244: 'argument': conversion from 'double' to 'float', possible loss of data
C:\Users\Robles\Desktop\Projects\Visualizer\Project\Project\MyApp.cpp(862,73): warning C4244: 'argument': conversion from 'double' to 'float', possible loss of data
C:\Users\Robles\Desktop\Projects\Visualizer\Project\Project\MyApp.cpp(862,59): warning C4244: 'argument': conversion from 'double' to 'float', possible loss of data
C:\Users\Robles\Desktop\Projects\Visualizer\Project\Project\MyApp.cpp(862,109): warning C4244: 'argument': conversion from 'double' to 'float', possible loss of data
C:\Users\Robles\Desktop\Projects\Visualizer\Project\Project\MyApp.cpp(862,95): warning C4244: 'argument': conversion from 'double' to 'float', possible loss of data
C:\Users\Robles\Desktop\Projects\Visualizer\Project\Project\MyApp.cpp(863,67): warning C4244: 'argument': conversion from 'double' to 'float', possible loss of data
C:\Users\Robles\Desktop\Projects\Visualizer\Project\Project\MyApp.cpp(863,53): warning C4244: 'argument': conversion from 'double' to 'float', possible loss of data
C:\Users\Robles\Desktop\Projects\Visualizer\Project\Project\MyApp.cpp(863,103): warning C4244: 'argument': conversion from 'double' to 'float', possible loss of data
C:\Users\Robles\Desktop\Projects\Visualizer\Project\Project\MyApp.cpp(863,89): warning C4244: 'argument': conversion from 'double' to 'float', possible loss of data
C:\Users\Robles\Desktop\Projects\Visualizer\Project\Project\MyApp.cpp(863,125): warning C4244: 'argument': conversion from 'int' to 'float', possible loss of data
C:\Users\Robles\Desktop\Projects\Visualizer\Project\Project\MyApp.cpp(864,75): warning C4244: 'argument': conversion from 'double' to 'float', possible loss of data
C:\Users\Robles\Desktop\Projects\Visualizer\Project\Project\MyApp.cpp(864,60): warning C4244: 'argument': conversion from 'double' to 'float', possible loss of data
C:\Users\Robles\Desktop\Projects\Visualizer\Project\Project\MyApp.cpp(864,111): warning C4244: 'argument': conversion from 'double' to 'float', possible loss of data
C:\Users\Robles\Desktop\Projects\Visualizer\Project\Project\MyApp.cpp(864,97): warning C4244: 'argument': conversion from 'double' to 'float', possible loss of data
C:\Users\Robles\Desktop\Projects\Visualizer\Project\Project\MyApp.cpp(864,146): warning C4244: 'argument': conversion from 'double' to 'float', possible loss of data
C:\Users\Robles\Desktop\Projects\Visualizer\Project\Project\MyApp.cpp(864,132): warning C4244: 'argument': conversion from 'double' to 'float', possible loss of data
C:\Users\Robles\Desktop\Projects\Visualizer\Project\Project\MyApp.cpp(864,182): warning C4244: 'argument': conversion from 'double' to 'float', possible loss of data
C:\Users\Robles\Desktop\Projects\Visualizer\Project\Project\MyApp.cpp(864,167): warning C4244: 'argument': conversion from 'double' to 'float', possible loss of data
C:\Users\Robles\Desktop\Projects\Visualizer\Project\Project\MyApp.cpp(864,204): warning C4244: 'argument': conversion from 'int' to 'float', possible loss of data
C:\Users\Robles\Desktop\Projects\Visualizer\Project\Project\MyApp.cpp(867,67): warning C4244: 'argument': conversion from 'double' to 'float', possible loss of data
C:\Users\Robles\Desktop\Projects\Visualizer\Project\Project\MyApp.cpp(867,53): warning C4244: 'argument': conversion from 'double' to 'float', possible loss of data
C:\Users\Robles\Desktop\Projects\Visualizer\Project\Project\MyApp.cpp(867,103): warning C4244: 'argument': conversion from 'double' to 'float', possible loss of data
C:\Users\Robles\Desktop\Projects\Visualizer\Project\Project\MyApp.cpp(867,89): warning C4244: 'argument': conversion from 'double' to 'float', possible loss of data
C:\Users\Robles\Desktop\Projects\Visualizer\Project\Project\MyApp.cpp(868,67): warning C4244: 'argument': conversion from 'double' to 'float', possible loss of data
C:\Users\Robles\Desktop\Projects\Visualizer\Project\Project\MyApp.cpp(868,53): warning C4244: 'argument': conversion from 'double' to 'float', possible loss of data
C:\Users\Robles\Desktop\Projects\Visualizer\Project\Project\MyApp.cpp(868,103): warning C4244: 'argument': conversion from 'double' to 'float', possible loss of data
C:\Users\Robles\Desktop\Projects\Visualizer\Project\Project\MyApp.cpp(868,89): warning C4244: 'argument': conversion from 'double' to 'float', possible loss of data
C:\Users\Robles\Desktop\Projects\Visualizer\Project\Project\MyApp.cpp(869,67): warning C4244: 'argument': conversion from 'double' to 'float', possible loss of data
C:\Users\Robles\Desktop\Projects\Visualizer\Project\Project\MyApp.cpp(869,53): warning C4244: 'argument': conversion from 'double' to 'float', possible loss of data
C:\Users\Robles\Desktop\Projects\Visualizer\Project\Project\MyApp.cpp(869,103): warning C4244: 'argument': conversion from 'double' to 'float', possible loss of data
C:\Users\Robles\Desktop\Projects\Visualizer\Project\Project\MyApp.cpp(869,89): warning C4244: 'argument': conversion from 'double' to 'float', possible loss of data
C:\Users\Robles\Desktop\Projects\Visualizer\Project\Project\MyApp.cpp(870,67): warning C4244: 'argument': conversion from 'double' to 'float', possible loss of data
C:\Users\Robles\Desktop\Projects\Visualizer\Project\Project\MyApp.cpp(870,53): warning C4244: 'argument': conversion from 'double' to 'float', possible loss of data
C:\Users\Robles\Desktop\Projects\Visualizer\Project\Project\MyApp.cpp(870,103): warning C4244: 'argument': conversion from 'double' to 'float', possible loss of data
C:\Users\Robles\Desktop\Projects\Visualizer\Project\Project\MyApp.cpp(870,89): warning C4244: 'argument': conversion from 'double' to 'float', possible loss of data
C:\Users\Robles\Desktop\Projects\Visualizer\Project\Project\MyApp.cpp(871,67): warning C4244: 'argument': conversion from 'double' to 'float', possible loss of data
C:\Users\Robles\Desktop\Projects\Visualizer\Project\Project\MyApp.cpp(871,53): warning C4244: 'argument': conversion from 'double' to 'float', possible loss of data
C:\Users\Robles\Desktop\Projects\Visualizer\Project\Project\MyApp.cpp(871,103): warning C4244: 'argument': conversion from 'double' to 'float', possible loss of data
C:\Users\Robles\Desktop\Projects\Visualizer\Project\Project\MyApp.cpp(871,89): warning C4244: 'argument': conversion from 'double' to 'float', possible loss of data
C:\Users\Robles\Desktop\Projects\Visualizer\Project\Project\MyApp.cpp(872,67): warning C4244: 'argument': conversion from 'double' to 'float', possible loss of data
C:\Users\Robles\Desktop\Projects\Visualizer\Project\Project\MyApp.cpp(872,53): warning C4244: 'argument': conversion from 'double' to 'float', possible loss of data
C:\Users\Robles\Desktop\Projects\Visualizer\Project\Project\MyApp.cpp(872,103): warning C4244: 'argument': conversion from 'double' to 'float', possible loss of data
C:\Users\Robles\Desktop\Projects\Visualizer\Project\Project\MyApp.cpp(872,89): warning C4244: 'argument': conversion from 'double' to 'float', possible loss of data
C:\Users\Robles\Desktop\Projects\Visualizer\Project\Project\MyApp.cpp(873,67): warning C4244: 'argument': conversion from 'double' to 'float', possible loss of data
C:\Users\Robles\Desktop\Projects\Visualizer\Project\Project\MyApp.cpp(873,53): warning C4244: 'argument': conversion from 'double' to 'float', possible loss of data
C:\Users\Robles\Desktop\Projects\Visualizer\Project\Project\MyApp.cpp(873,103): warning C4244: 'argument': conversion from 'double' to 'float', possible loss of data
C:\Users\Robles\Desktop\Projects\Visualizer\Project\Project\MyApp.cpp(873,89): warning C4244: 'argument': conversion from 'double' to 'float', possible loss of data
C:\Users\Robles\Desktop\Projects\Visualizer\Project\Project\MyApp.cpp(874,67): warning C4244: 'argument': conversion from 'double' to 'float', possible loss of data
C:\Users\Robles\Desktop\Projects\Visualizer\Project\Project\MyApp.cpp(874,53): warning C4244: 'argument': conversion from 'double' to 'float', possible loss of data
C:\Users\Robles\Desktop\Projects\Visualizer\Project\Project\MyApp.cpp(874,103): warning C4244: 'argument': conversion from 'double' to 'float', possible loss of data
C:\Users\Robles\Desktop\Projects\Visualizer\Project\Project\MyApp.cpp(874,89): warning C4244: 'argument': conversion from 'double' to 'float', possible loss of data
C:\Users\Robles\Desktop\Projects\Visualizer\Project\Project\MyApp.cpp(875,67): warning C4244: 'argument': conversion from 'double' to 'float', possible loss of data
C:\Users\Robles\Desktop\Projects\Visualizer\Project\Project\MyApp.cpp(875,53): warning C4244: 'argument': conversion from 'double' to 'float', possible loss of data
C:\Users\Robles\Desktop\Projects\Visualizer\Project\Project\MyApp.cpp(875,103): warning C4244: 'argument': conversion from 'double' to 'float', possible loss of data
C:\Users\Robles\Desktop\Projects\Visualizer\Project\Project\MyApp.cpp(875,89): warning C4244: 'argument': conversion from 'double' to 'float', possible loss of data
C:\Users\Robles\Desktop\Projects\Visualizer\Project\Project\MyApp.cpp(876,67): warning C4244: 'argument': conversion from 'double' to 'float', possible loss of data
C:\Users\Robles\Desktop\Projects\Visualizer\Project\Project\MyApp.cpp(876,53): warning C4244: 'argument': conversion from 'double' to 'float', possible loss of data
C:\Users\Robles\Desktop\Projects\Visualizer\Project\Project\MyApp.cpp(876,103): warning C4244: 'argument': conversion from 'double' to 'float', possible loss of data
C:\Users\Robles\Desktop\Projects\Visualizer\Project\Project\MyApp.cpp(876,89): warning C4244: 'argument': conversion from 'double' to 'float', possible loss of data
C:\Users\Robles\Desktop\Projects\Visualizer\Project\Project\MyApp.cpp(877,67): warning C4244: 'argument': conversion from 'double' to 'float', possible loss of data
C:\Users\Robles\Desktop\Projects\Visualizer\Project\Project\MyApp.cpp(877,53): warning C4244: 'argument': conversion from 'double' to 'float', possible loss of data
C:\Users\Robles\Desktop\Projects\Visualizer\Project\Project\MyApp.cpp(877,103): warning C4244: 'argument': conversion from 'double' to 'float', possible loss of data
C:\Users\Robles\Desktop\Projects\Visualizer\Project\Project\MyApp.cpp(877,89): warning C4244: 'argument': conversion from 'double' to 'float', possible loss of data
C:\Users\Robles\Desktop\Projects\Visualizer\Project\Project\MyApp.cpp(878,67): warning C4244: 'argument': conversion from 'double' to 'float', possible loss of data
C:\Users\Robles\Desktop\Projects\Visualizer\Project\Project\MyApp.cpp(878,53): warning C4244: 'argument': conversion from 'double' to 'float', possible loss of data
C:\Users\Robles\Desktop\Projects\Visualizer\Project\Project\MyApp.cpp(878,103): warning C4244: 'argument': conversion from 'double' to 'float', possible loss of data
C:\Users\Robles\Desktop\Projects\Visualizer\Project\Project\MyApp.cpp(878,89): warning C4244: 'argument': conversion from 'double' to 'float', possible loss of data
C:\Users\Robles\Desktop\Projects\Visualizer\Project\Project\MyApp.cpp(879,74): warning C4244: 'argument': conversion from 'double' to 'float', possible loss of data
C:\Users\Robles\Desktop\Projects\Visualizer\Project\Project\MyApp.cpp(879,60): warning C4244: 'argument': conversion from 'double' to 'float', possible loss of data
C:\Users\Robles\Desktop\Projects\Visualizer\Project\Project\MyApp.cpp(879,110): warning C4244: 'argument': conversion from 'double' to 'float', possible loss of data
C:\Users\Robles\Desktop\Projects\Visualizer\Project\Project\MyApp.cpp(879,96): warning C4244: 'argument': conversion from 'double' to 'float', possible loss of data
C:\Users\Robles\Desktop\Projects\Visualizer\Project\Project\MyApp.cpp(879,146): warning C4244: 'argument': conversion from 'double' to 'float', possible loss of data
C:\Users\Robles\Desktop\Projects\Visualizer\Project\Project\MyApp.cpp(879,132): warning C4244: 'argument': conversion from 'double' to 'float', possible loss of data
C:\Users\Robles\Desktop\Projects\Visualizer\Project\Project\MyApp.cpp(879,182): warning C4244: 'argument': conversion from 'double' to 'float', possible loss of data
C:\Users\Robles\Desktop\Projects\Visualizer\Project\Project\MyApp.cpp(879,168): warning C4244: 'argument': conversion from 'double' to 'float', possible loss of data
C:\Users\Robles\Desktop\Projects\Visualizer\Project\Project\MyApp.cpp(955,26): warning C4456: declaration of 'i' hides previous local declaration
C:\Users\Robles\Desktop\Projects\Visualizer\Project\Project\MyApp.cpp(931,25): message : see declaration of 'i'
C:\Users\Robles\Desktop\Projects\Visualizer\Project\Project\MyApp.cpp(956,32): warning C4244: '=': conversion from 'int' to 'float', possible loss of data
C:\Users\Robles\Desktop\Projects\Visualizer\Project\Project\MyApp.cpp(961,89): warning C4244: 'argument': conversion from 'int' to 'float', possible loss of data
C:\Users\Robles\Desktop\Projects\Visualizer\Project\Project\MyApp.cpp(961,77): warning C4244: 'argument': conversion from 'int' to 'float', possible loss of data
C:\Users\Robles\Desktop\Projects\Visualizer\Project\Project\MyApp.cpp(961,64): warning C4244: 'argument': conversion from 'int' to 'float', possible loss of data
C:\Users\Robles\Desktop\Projects\Visualizer\Project\Project\MyApp.cpp(985,26): warning C4456: declaration of 'i' hides previous local declaration
C:\Users\Robles\Desktop\Projects\Visualizer\Project\Project\MyApp.cpp(931,25): message : see declaration of 'i'
C:\Users\Robles\Desktop\Projects\Visualizer\Project\Project\MyApp.cpp(986,32): warning C4244: '=': conversion from 'int' to 'float', possible loss of data
C:\Users\Robles\Desktop\Projects\Visualizer\Project\Project\MyApp.cpp(990,78): warning C4244: 'argument': conversion from 'time_t' to 'unsigned int', possible loss of data
C:\Users\Robles\Desktop\Projects\Visualizer\Project\Project\MyApp.cpp(1023,38): warning C4244: 'initializing': conversion from 'float' to 'int', possible loss of data
C:\Users\Robles\Desktop\Projects\Visualizer\Project\Project\MyApp.cpp(1025,38): warning C4244: '=': conversion from 'int' to 'float', possible loss of data
C:\Users\Robles\Desktop\Projects\Visualizer\Project\Project\MyApp.cpp(1056,34): warning C4244: 'initializing': conversion from 'float' to 'int', possible loss of data
C:\Users\Robles\Desktop\Projects\Visualizer\Project\Project\MyApp.cpp(1058,38): warning C4244: '=': conversion from 'int' to 'float', possible loss of data
C:\Users\Robles\Desktop\Projects\Visualizer\Project\Project\MyApp.cpp(1067,82): warning C4244: 'argument': conversion from 'time_t' to 'unsigned int', possible loss of data
C:\Users\Robles\Desktop\Projects\Visualizer\Project\Project\MyApp.cpp(1068,30): warning C4456: declaration of 'i' hides previous local declaration
C:\Users\Robles\Desktop\Projects\Visualizer\Project\Project\MyApp.cpp(931,25): message : see declaration of 'i'
C:\Users\Robles\Desktop\Projects\Visualizer\Project\Project\MyApp.cpp(1096,34): warning C4244: 'initializing': conversion from 'float' to 'int', possible loss of data
C:\Users\Robles\Desktop\Projects\Visualizer\Project\Project\MyApp.cpp(1098,38): warning C4244: '=': conversion from 'int' to 'float', possible loss of data
C:\Users\Robles\Desktop\Projects\Visualizer\Project\Project\MyApp.cpp(1129,38): warning C4244: 'initializing': conversion from 'float' to 'int', possible loss of data
C:\Users\Robles\Desktop\Projects\Visualizer\Project\Project\MyApp.cpp(1131,50): warning C4244: '=': conversion from 'int' to 'float', possible loss of data
C:\Users\Robles\Desktop\Projects\Visualizer\Project\Project\MyApp.cpp(1151,38): warning C4244: 'initializing': conversion from 'float' to 'int', possible loss of data
C:\Users\Robles\Desktop\Projects\Visualizer\Project\Project\MyApp.cpp(1153,49): warning C4244: '=': conversion from 'int' to 'float', possible loss of data
C:\Users\Robles\Desktop\Projects\Visualizer\Project\Project\MyApp.cpp(1164,34): warning C4244: '=': conversion from 'float' to 'int', possible loss of data
C:\Users\Robles\Desktop\Projects\Visualizer\Project\Project\MyApp.cpp(1173,38): warning C4244: '=': conversion from 'int' to 'float', possible loss of data
C:\Users\Robles\Desktop\Projects\Visualizer\Project\Project\MyApp.cpp(1175,34): warning C4244: '=': conversion from 'float' to 'int', possible loss of data
C:\Users\Robles\Desktop\Projects\Visualizer\Project\Project\MyApp.cpp(1204,42): warning C4244: 'initializing': conversion from 'float' to 'int', possible loss of data
C:\Users\Robles\Desktop\Projects\Visualizer\Project\Project\MyApp.cpp(1206,46): warning C4244: '=': conversion from 'int' to 'float', possible loss of data
C:\Users\Robles\Desktop\Projects\Visualizer\Project\Project\MyApp.cpp(1232,41): warning C4244: '=': conversion from 'float' to 'int', possible loss of data
C:\Users\Robles\Desktop\Projects\Visualizer\Project\Project\MyApp.cpp(1244,42): warning C4244: '=': conversion from 'int' to 'float', possible loss of data
C:\Users\Robles\Desktop\Projects\Visualizer\Project\Project\MyApp.cpp(1247,49): warning C4244: '=': conversion from 'float' to 'int', possible loss of data
C:\Users\Robles\Desktop\Projects\Visualizer\Project\Project\MyApp.cpp(1254,45): warning C4244: '=': conversion from 'float' to 'int', possible loss of data
C:\Users\Robles\Desktop\Projects\Visualizer\Project\Project\MyApp.cpp(1400,62): warning C4244: 'argument': conversion from 'int' to 'float', possible loss of data
C:\Users\Robles\Desktop\Projects\Visualizer\Project\Project\MyApp.cpp(1400,54): warning C4244: 'argument': conversion from 'int' to 'float', possible loss of data
C:\Users\Robles\Desktop\Projects\Visualizer\Project\Project\MyApp.cpp(1401,51): warning C4244: '=': conversion from 'int' to 'float', possible loss of data
C:\Users\Robles\Desktop\Projects\Visualizer\Project\Project\MyApp.cpp(1402,51): warning C4244: '=': conversion from 'int' to 'float', possible loss of data
C:\Users\Robles\Desktop\Projects\Visualizer\Project\Project\MyApp.cpp(1413,67): warning C4244: 'argument': conversion from 'double' to 'float', possible loss of data
C:\Users\Robles\Desktop\Projects\Visualizer\Project\Project\MyApp.cpp(1413,53): warning C4244: 'argument': conversion from 'double' to 'float', possible loss of data
C:\Users\Robles\Desktop\Projects\Visualizer\Project\Project\MyApp.cpp(1413,103): warning C4244: 'argument': conversion from 'double' to 'float', possible loss of data
C:\Users\Robles\Desktop\Projects\Visualizer\Project\Project\MyApp.cpp(1413,89): warning C4244: 'argument': conversion from 'double' to 'float', possible loss of data
C:\Users\Robles\Desktop\Projects\Visualizer\Project\Project\MyApp.cpp(1413,125): warning C4244: 'argument': conversion from 'int' to 'float', possible loss of data
C:\Users\Robles\Desktop\Projects\Visualizer\Project\Project\MyApp.cpp(1414,67): warning C4244: 'argument': conversion from 'double' to 'float', possible loss of data
C:\Users\Robles\Desktop\Projects\Visualizer\Project\Project\MyApp.cpp(1414,53): warning C4244: 'argument': conversion from 'double' to 'float', possible loss of data
C:\Users\Robles\Desktop\Projects\Visualizer\Project\Project\MyApp.cpp(1414,103): warning C4244: 'argument': conversion from 'double' to 'float', possible loss of data
C:\Users\Robles\Desktop\Projects\Visualizer\Project\Project\MyApp.cpp(1414,89): warning C4244: 'argument': conversion from 'double' to 'float', possible loss of data
C:\Users\Robles\Desktop\Projects\Visualizer\Project\Project\MyApp.cpp(1414,125): warning C4244: 'argument': conversion from 'int' to 'float', possible loss of data
C:\Users\Robles\Desktop\Projects\Visualizer\Project\Project\MyApp.cpp(1415,67): warning C4244: 'argument': conversion from 'double' to 'float', possible loss of data
C:\Users\Robles\Desktop\Projects\Visualizer\Project\Project\MyApp.cpp(1415,53): warning C4244: 'argument': conversion from 'double' to 'float', possible loss of data
C:\Users\Robles\Desktop\Projects\Visualizer\Project\Project\MyApp.cpp(1415,102): warning C4244: 'argument': conversion from 'double' to 'float', possible loss of data
C:\Users\Robles\Desktop\Projects\Visualizer\Project\Project\MyApp.cpp(1415,88): warning C4244: 'argument': conversion from 'double' to 'float', possible loss of data
C:\Users\Robles\Desktop\Projects\Visualizer\Project\Project\MyApp.cpp(1415,124): warning C4244: 'argument': conversion from 'int' to 'float', possible loss of data
C:\Users\Robles\Desktop\Projects\Visualizer\Project\Project\MyApp.cpp(1419,74): warning C4244: 'argument': conversion from 'double' to 'float', possible loss of data
C:\Users\Robles\Desktop\Projects\Visualizer\Project\Project\MyApp.cpp(1419,60): warning C4244: 'argument': conversion from 'double' to 'float', possible loss of data
C:\Users\Robles\Desktop\Projects\Visualizer\Project\Project\MyApp.cpp(1419,109): warning C4244: 'argument': conversion from 'double' to 'float', possible loss of data
C:\Users\Robles\Desktop\Projects\Visualizer\Project\Project\MyApp.cpp(1419,95): warning C4244: 'argument': conversion from 'double' to 'float', possible loss of data
C:\Users\Robles\Desktop\Projects\Visualizer\Project\Project\MyApp.cpp(1419,144): warning C4244: 'argument': conversion from 'double' to 'float', possible loss of data
C:\Users\Robles\Desktop\Projects\Visualizer\Project\Project\MyApp.cpp(1419,130): warning C4244: 'argument': conversion from 'double' to 'float', possible loss of data
C:\Users\Robles\Desktop\Projects\Visualizer\Project\Project\MyApp.cpp(1419,179): warning C4244: 'argument': conversion from 'double' to 'float', possible loss of data
C:\Users\Robles\Desktop\Projects\Visualizer\Project\Project\MyApp.cpp(1419,165): warning C4244: 'argument': conversion from 'double' to 'float', possible loss of data
C:\Users\Robles\Desktop\Projects\Visualizer\Project\Project\MyApp.cpp(1419,201): warning C4244: 'argument': conversion from 'int' to 'float', possible loss of data
C:\Users\Robles\Desktop\Projects\Visualizer\Project\Project\MyApp.cpp(1420,67): warning C4244: 'argument': conversion from 'double' to 'float', possible loss of data
C:\Users\Robles\Desktop\Projects\Visualizer\Project\Project\MyApp.cpp(1420,53): warning C4244: 'argument': conversion from 'double' to 'float', possible loss of data
C:\Users\Robles\Desktop\Projects\Visualizer\Project\Project\MyApp.cpp(1420,103): warning C4244: 'argument': conversion from 'double' to 'float', possible loss of data
C:\Users\Robles\Desktop\Projects\Visualizer\Project\Project\MyApp.cpp(1420,89): warning C4244: 'argument': conversion from 'double' to 'float', possible loss of data
C:\Users\Robles\Desktop\Projects\Visualizer\Project\Project\MyApp.cpp(1420,125): warning C4244: 'argument': conversion from 'int' to 'float', possible loss of data
C:\Users\Robles\Desktop\Projects\Visualizer\Project\Project\MyApp.cpp(1425,74): warning C4244: 'argument': conversion from 'double' to 'float', possible loss of data
C:\Users\Robles\Desktop\Projects\Visualizer\Project\Project\MyApp.cpp(1425,60): warning C4244: 'argument': conversion from 'double' to 'float', possible loss of data
C:\Users\Robles\Desktop\Projects\Visualizer\Project\Project\MyApp.cpp(1425,110): warning C4244: 'argument': conversion from 'double' to 'float', possible loss of data
C:\Users\Robles\Desktop\Projects\Visualizer\Project\Project\MyApp.cpp(1425,96): warning C4244: 'argument': conversion from 'double' to 'float', possible loss of data
C:\Users\Robles\Desktop\Projects\Visualizer\Project\Project\MyApp.cpp(1425,146): warning C4244: 'argument': conversion from 'double' to 'float', possible loss of data
C:\Users\Robles\Desktop\Projects\Visualizer\Project\Project\MyApp.cpp(1425,132): warning C4244: 'argument': conversion from 'double' to 'float', possible loss of data
C:\Users\Robles\Desktop\Projects\Visualizer\Project\Project\MyApp.cpp(1425,182): warning C4244: 'argument': conversion from 'double' to 'float', possible loss of data
C:\Users\Robles\Desktop\Projects\Visualizer\Project\Project\MyApp.cpp(1425,168): warning C4244: 'argument': conversion from 'double' to 'float', possible loss of data
C:\Users\Robles\Desktop\Projects\Visualizer\Project\Project\MyApp.cpp(1425,204): warning C4244: 'argument': conversion from 'int' to 'float', possible loss of data
C:\Users\Robles\Desktop\Projects\Visualizer\Project\Project\MyApp.cpp(1426,74): warning C4244: 'argument': conversion from 'double' to 'float', possible loss of data
C:\Users\Robles\Desktop\Projects\Visualizer\Project\Project\MyApp.cpp(1426,60): warning C4244: 'argument': conversion from 'double' to 'float', possible loss of data
C:\Users\Robles\Desktop\Projects\Visualizer\Project\Project\MyApp.cpp(1426,110): warning C4244: 'argument': conversion from 'double' to 'float', possible loss of data
C:\Users\Robles\Desktop\Projects\Visualizer\Project\Project\MyApp.cpp(1426,96): warning C4244: 'argument': conversion from 'double' to 'float', possible loss of data
C:\Users\Robles\Desktop\Projects\Visualizer\Project\Project\MyApp.cpp(1426,146): warning C4244: 'argument': conversion from 'double' to 'float', possible loss of data
C:\Users\Robles\Desktop\Projects\Visualizer\Project\Project\MyApp.cpp(1426,132): warning C4244: 'argument': conversion from 'double' to 'float', possible loss of data
C:\Users\Robles\Desktop\Projects\Visualizer\Project\Project\MyApp.cpp(1426,182): warning C4244: 'argument': conversion from 'double' to 'float', possible loss of data
C:\Users\Robles\Desktop\Projects\Visualizer\Project\Project\MyApp.cpp(1426,168): warning C4244: 'argument': conversion from 'double' to 'float', possible loss of data
C:\Users\Robles\Desktop\Projects\Visualizer\Project\Project\MyApp.cpp(1426,204): warning C4244: 'argument': conversion from 'int' to 'float', possible loss of data
C:\Users\Robles\Desktop\Projects\Visualizer\Project\Project\MyApp.cpp(1430,67): warning C4244: 'argument': conversion from 'double' to 'float', possible loss of data
C:\Users\Robles\Desktop\Projects\Visualizer\Project\Project\MyApp.cpp(1430,53): warning C4244: 'argument': conversion from 'double' to 'float', possible loss of data
C:\Users\Robles\Desktop\Projects\Visualizer\Project\Project\MyApp.cpp(1430,103): warning C4244: 'argument': conversion from 'double' to 'float', possible loss of data
C:\Users\Robles\Desktop\Projects\Visualizer\Project\Project\MyApp.cpp(1430,89): warning C4244: 'argument': conversion from 'double' to 'float', possible loss of data
C:\Users\Robles\Desktop\Projects\Visualizer\Project\Project\MyApp.cpp(1430,125): warning C4244: 'argument': conversion from 'int' to 'float', possible loss of data
C:\Users\Robles\Desktop\Projects\Visualizer\Project\Project\MyApp.cpp(1431,67): warning C4244: 'argument': conversion from 'double' to 'float', possible loss of data
C:\Users\Robles\Desktop\Projects\Visualizer\Project\Project\MyApp.cpp(1431,53): warning C4244: 'argument': conversion from 'double' to 'float', possible loss of data
C:\Users\Robles\Desktop\Projects\Visualizer\Project\Project\MyApp.cpp(1431,103): warning C4244: 'argument': conversion from 'double' to 'float', possible loss of data
C:\Users\Robles\Desktop\Projects\Visualizer\Project\Project\MyApp.cpp(1431,89): warning C4244: 'argument': conversion from 'double' to 'float', possible loss of data
C:\Users\Robles\Desktop\Projects\Visualizer\Project\Project\MyApp.cpp(1431,125): warning C4244: 'argument': conversion from 'int' to 'float', possible loss of data
C:\Users\Robles\Desktop\Projects\Visualizer\Project\Project\MyApp.cpp(1432,67): warning C4244: 'argument': conversion from 'double' to 'float', possible loss of data
C:\Users\Robles\Desktop\Projects\Visualizer\Project\Project\MyApp.cpp(1432,53): warning C4244: 'argument': conversion from 'double' to 'float', possible loss of data
C:\Users\Robles\Desktop\Projects\Visualizer\Project\Project\MyApp.cpp(1432,103): warning C4244: 'argument': conversion from 'double' to 'float', possible loss of data
C:\Users\Robles\Desktop\Projects\Visualizer\Project\Project\MyApp.cpp(1432,89): warning C4244: 'argument': conversion from 'double' to 'float', possible loss of data
C:\Users\Robles\Desktop\Projects\Visualizer\Project\Project\MyApp.cpp(1432,125): warning C4244: 'argument': conversion from 'int' to 'float', possible loss of data
C:\Users\Robles\Desktop\Projects\Visualizer\Project\Project\MyApp.cpp(1436,67): warning C4244: 'argument': conversion from 'double' to 'float', possible loss of data
C:\Users\Robles\Desktop\Projects\Visualizer\Project\Project\MyApp.cpp(1436,53): warning C4244: 'argument': conversion from 'double' to 'float', possible loss of data
C:\Users\Robles\Desktop\Projects\Visualizer\Project\Project\MyApp.cpp(1436,103): warning C4244: 'argument': conversion from 'double' to 'float', possible loss of data
C:\Users\Robles\Desktop\Projects\Visualizer\Project\Project\MyApp.cpp(1436,89): warning C4244: 'argument': conversion from 'double' to 'float', possible loss of data
C:\Users\Robles\Desktop\Projects\Visualizer\Project\Project\MyApp.cpp(1436,125): warning C4244: 'argument': conversion from 'int' to 'float', possible loss of data
C:\Users\Robles\Desktop\Projects\Visualizer\Project\Project\MyApp.cpp(1437,67): warning C4244: 'argument': conversion from 'double' to 'float', possible loss of data
C:\Users\Robles\Desktop\Projects\Visualizer\Project\Project\MyApp.cpp(1437,53): warning C4244: 'argument': conversion from 'double' to 'float', possible loss of data
C:\Users\Robles\Desktop\Projects\Visualizer\Project\Project\MyApp.cpp(1437,103): warning C4244: 'argument': conversion from 'double' to 'float', possible loss of data
C:\Users\Robles\Desktop\Projects\Visualizer\Project\Project\MyApp.cpp(1437,89): warning C4244: 'argument': conversion from 'double' to 'float', possible loss of data
C:\Users\Robles\Desktop\Projects\Visualizer\Project\Project\MyApp.cpp(1437,125): warning C4244: 'argument': conversion from 'int' to 'float', possible loss of data
C:\Users\Robles\Desktop\Projects\Visualizer\Project\Project\MyApp.cpp(1438,74): warning C4244: 'argument': conversion from 'double' to 'float', possible loss of data
C:\Users\Robles\Desktop\Projects\Visualizer\Project\Project\MyApp.cpp(1438,60): warning C4244: 'argument': conversion from 'double' to 'float', possible loss of data
C:\Users\Robles\Desktop\Projects\Visualizer\Project\Project\MyApp.cpp(1438,110): warning C4244: 'argument': conversion from 'double' to 'float', possible loss of data
C:\Users\Robles\Desktop\Projects\Visualizer\Project\Project\MyApp.cpp(1438,96): warning C4244: 'argument': conversion from 'double' to 'float', possible loss of data
C:\Users\Robles\Desktop\Projects\Visualizer\Project\Project\MyApp.cpp(1438,146): warning C4244: 'argument': conversion from 'double' to 'float', possible loss of data
C:\Users\Robles\Desktop\Projects\Visualizer\Project\Project\MyApp.cpp(1438,132): warning C4244: 'argument': conversion from 'double' to 'float', possible loss of data
C:\Users\Robles\Desktop\Projects\Visualizer\Project\Project\MyApp.cpp(1438,182): warning C4244: 'argument': conversion from 'double' to 'float', possible loss of data
C:\Users\Robles\Desktop\Projects\Visualizer\Project\Project\MyApp.cpp(1438,168): warning C4244: 'argument': conversion from 'double' to 'float', possible loss of data
C:\Users\Robles\Desktop\Projects\Visualizer\Project\Project\MyApp.cpp(1438,204): warning C4244: 'argument': conversion from 'int' to 'float', possible loss of data
C:\Users\Robles\Desktop\Projects\Visualizer\Project\Project\MyApp.cpp(1442,109): warning C4244: 'argument': conversion from 'int' to 'float', possible loss of data
C:\Users\Robles\Desktop\Projects\Visualizer\Project\Project\MyApp.cpp(1444,78): warning C4244: 'argument': conversion from 'double' to 'float', possible loss of data
C:\Users\Robles\Desktop\Projects\Visualizer\Project\Project\MyApp.cpp(1444,64): warning C4244: 'argument': conversion from 'double' to 'float', possible loss of data
C:\Users\Robles\Desktop\Projects\Visualizer\Project\Project\MyApp.cpp(1444,114): warning C4244: 'argument': conversion from 'double' to 'float', possible loss of data
C:\Users\Robles\Desktop\Projects\Visualizer\Project\Project\MyApp.cpp(1444,100): warning C4244: 'argument': conversion from 'double' to 'float', possible loss of data
C:\Users\Robles\Desktop\Projects\Visualizer\Project\Project\MyApp.cpp(1444,150): warning C4244: 'argument': conversion from 'double' to 'float', possible loss of data
C:\Users\Robles\Desktop\Projects\Visualizer\Project\Project\MyApp.cpp(1444,136): warning C4244: 'argument': conversion from 'double' to 'float', possible loss of data
C:\Users\Robles\Desktop\Projects\Visualizer\Project\Project\MyApp.cpp(1444,171): warning C4244: 'argument': conversion from 'int' to 'float', possible loss of data
C:\Users\Robles\Desktop\Projects\Visualizer\Project\Project\MyApp.cpp(1449,67): warning C4244: 'argument': conversion from 'double' to 'float', possible loss of data
C:\Users\Robles\Desktop\Projects\Visualizer\Project\Project\MyApp.cpp(1449,53): warning C4244: 'argument': conversion from 'double' to 'float', possible loss of data
C:\Users\Robles\Desktop\Projects\Visualizer\Project\Project\MyApp.cpp(1449,103): warning C4244: 'argument': conversion from 'double' to 'float', possible loss of data
C:\Users\Robles\Desktop\Projects\Visualizer\Project\Project\MyApp.cpp(1449,89): warning C4244: 'argument': conversion from 'double' to 'float', possible loss of data
C:\Users\Robles\Desktop\Projects\Visualizer\Project\Project\MyApp.cpp(1449,125): warning C4244: 'argument': conversion from 'int' to 'float', possible loss of data
C:\Users\Robles\Desktop\Projects\Visualizer\Project\Project\MyApp.cpp(1450,67): warning C4244: 'argument': conversion from 'double' to 'float', possible loss of data
C:\Users\Robles\Desktop\Projects\Visualizer\Project\Project\MyApp.cpp(1450,53): warning C4244: 'argument': conversion from 'double' to 'float', possible loss of data
C:\Users\Robles\Desktop\Projects\Visualizer\Project\Project\MyApp.cpp(1450,103): warning C4244: 'argument': conversion from 'double' to 'float', possible loss of data
C:\Users\Robles\Desktop\Projects\Visualizer\Project\Project\MyApp.cpp(1450,89): warning C4244: 'argument': conversion from 'double' to 'float', possible loss of data
C:\Users\Robles\Desktop\Projects\Visualizer\Project\Project\MyApp.cpp(1450,125): warning C4244: 'argument': conversion from 'int' to 'float', possible loss of data
C:\Users\Robles\Desktop\Projects\Visualizer\Project\Project\MyApp.cpp(1454,110): warning C4244: 'argument': conversion from 'int' to 'float', possible loss of data
C:\Users\Robles\Desktop\Projects\Visualizer\Project\Project\MyApp.cpp(1455,109): warning C4244: 'argument': conversion from 'int' to 'float', possible loss of data
C:\Users\Robles\Desktop\Projects\Visualizer\Project\Project\MyApp.cpp(1459,109): warning C4244: 'argument': conversion from 'int' to 'float', possible loss of data
C:\Users\Robles\Desktop\Projects\Visualizer\Project\Project\MyApp.cpp(1461,78): warning C4244: 'argument': conversion from 'double' to 'float', possible loss of data
C:\Users\Robles\Desktop\Projects\Visualizer\Project\Project\MyApp.cpp(1461,64): warning C4244: 'argument': conversion from 'double' to 'float', possible loss of data
C:\Users\Robles\Desktop\Projects\Visualizer\Project\Project\MyApp.cpp(1461,114): warning C4244: 'argument': conversion from 'double' to 'float', possible loss of data
C:\Users\Robles\Desktop\Projects\Visualizer\Project\Project\MyApp.cpp(1461,100): warning C4244: 'argument': conversion from 'double' to 'float', possible loss of data
C:\Users\Robles\Desktop\Projects\Visualizer\Project\Project\MyApp.cpp(1461,150): warning C4244: 'argument': conversion from 'double' to 'float', possible loss of data
C:\Users\Robles\Desktop\Projects\Visualizer\Project\Project\MyApp.cpp(1461,136): warning C4244: 'argument': conversion from 'double' to 'float', possible loss of data
C:\Users\Robles\Desktop\Projects\Visualizer\Project\Project\MyApp.cpp(1461,172): warning C4244: 'argument': conversion from 'int' to 'float', possible loss of data
C:\Users\Robles\Desktop\Projects\Visualizer\Project\Project\MyApp.cpp(1467,111): warning C4244: 'argument': conversion from 'int' to 'float', possible loss of data
C:\Users\Robles\Desktop\Projects\Visualizer\Project\Project\MyApp.cpp(1469,123): warning C4244: 'argument': conversion from 'int' to 'float', possible loss of data
C:\Users\Robles\Desktop\Projects\Visualizer\Project\Project\MyApp.cpp(1545,108): warning C4244: 'argument': conversion from 'time_t' to 'unsigned int', possible loss of data
C:\Users\Robles\Desktop\Projects\Visualizer\Project\Project\MyApp.cpp(1583,116): warning C4244: 'argument': conversion from 'time_t' to 'unsigned int', possible loss of data
  Generating code
  Previous IPDB not found, fall back to full compilation.
  All 2095 functions were compiled because no usable IPDB/IOBJ from previous compilation was found.
  Finished generating code
  Visualizer.vcxproj -> C:\Users\Robles\Desktop\Projects\Visualizer\Project\Project\Release\Visualizer.exe
