c:\users\robles\desktop\projects\visualizer\project\project\release\vc143.pdb
c:\users\robles\desktop\projects\visualizer\project\project\release\myapp.obj
c:\users\robles\desktop\projects\visualizer\project\project\release\main.obj
c:\users\robles\desktop\projects\visualizer\project\project\release\imgui_impl_win32.obj
c:\users\robles\desktop\projects\visualizer\project\project\release\imgui_impl_dx11.obj
c:\users\robles\desktop\projects\visualizer\project\project\release\imgui_widgets.obj
c:\users\robles\desktop\projects\visualizer\project\project\release\imgui_tables.obj
c:\users\robles\desktop\projects\visualizer\project\project\release\imgui_draw.obj
c:\users\robles\desktop\projects\visualizer\project\project\release\imgui_demo.obj
c:\users\robles\desktop\projects\visualizer\project\project\release\imgui.obj
c:\users\robles\desktop\projects\visualizer\project\project\release\visualizer.ipdb
c:\users\robles\desktop\projects\visualizer\project\project\release\visualizer.iobj
c:\users\robles\desktop\projects\visualizer\project\project\release\visualizer.exe
c:\users\robles\desktop\projects\visualizer\project\project\release\visualizer.pdb
c:\users\robles\desktop\projects\visualizer\project\project\release\visualizer.vcxproj.filelistabsolute.txt
c:\users\robles\desktop\projects\visualizer\project\project\release\visualizer.tlog\cl.command.1.tlog
c:\users\robles\desktop\projects\visualizer\project\project\release\visualizer.tlog\cl.read.1.tlog
c:\users\robles\desktop\projects\visualizer\project\project\release\visualizer.tlog\cl.write.1.tlog
c:\users\robles\desktop\projects\visualizer\project\project\release\visualizer.tlog\link.command.1.tlog
c:\users\robles\desktop\projects\visualizer\project\project\release\visualizer.tlog\link.read.1.tlog
c:\users\robles\desktop\projects\visualizer\project\project\release\visualizer.tlog\link.write.1.tlog
c:\users\robles\desktop\projects\visualizer\project\project\release\visualizer.tlog\link.write.2u.tlog
